# ******************************************************
# PLUTO 4.2 Grid File
# Generated on  Wed Jun 14 22:53:42 2017
# 
# DIMENSIONS: 2
# GEOMETRY:   SPHERICAL
# X1: [ 0.330000,  50.000000], 300 point(s), 2 ghosts
# X2: [ 0.010000,  1.570796], 400 point(s), 2 ghosts
# ******************************************************
300 
 1   3.300000000000e-01    3.355692264326e-01
 2   3.355692264326e-01    3.412324416017e-01
 3   3.412324416017e-01    3.469912317030e-01
 4   3.469912317030e-01    3.528472097013e-01
 5   3.528472097013e-01    3.588020157829e-01
 6   3.588020157829e-01    3.648573178143e-01
 7   3.648573178143e-01    3.710148118098e-01
 8   3.710148118098e-01    3.772762224061e-01
 9   3.772762224061e-01    3.836433033462e-01
 10   3.836433033462e-01    3.901178379694e-01
 11   3.901178379694e-01    3.967016397120e-01
 12   3.967016397120e-01    4.033965526142e-01
 13   4.033965526142e-01    4.102044518373e-01
 14   4.102044518373e-01    4.171272441886e-01
 15   4.171272441886e-01    4.241668686555e-01
 16   4.241668686555e-01    4.313252969486e-01
 17   4.313252969486e-01    4.386045340541e-01
 18   4.386045340541e-01    4.460066187950e-01
 19   4.460066187950e-01    4.535336244026e-01
 20   4.535336244026e-01    4.611876590968e-01
 21   4.611876590968e-01    4.689708666768e-01
 22   4.689708666768e-01    4.768854271217e-01
 23   4.768854271217e-01    4.849335572006e-01
 24   4.849335572006e-01    4.931175110939e-01
 25   4.931175110939e-01    5.014395810247e-01
 26   5.014395810247e-01    5.099020979004e-01
 27   5.099020979004e-01    5.185074319660e-01
 28   5.185074319660e-01    5.272579934678e-01
 29   5.272579934678e-01    5.361562333284e-01
 30   5.361562333284e-01    5.452046438334e-01
 31   5.452046438334e-01    5.544057593291e-01
 32   5.544057593291e-01    5.637621569328e-01
 33   5.637621569328e-01    5.732764572543e-01
 34   5.732764572543e-01    5.829513251298e-01
 35   5.829513251298e-01    5.927894703686e-01
 36   5.927894703686e-01    6.027936485120e-01
 37   6.027936485120e-01    6.129666616050e-01
 38   6.129666616050e-01    6.233113589810e-01
 39   6.233113589810e-01    6.338306380603e-01
 40   6.338306380603e-01    6.445274451611e-01
 41   6.445274451611e-01    6.554047763250e-01
 42   6.554047763250e-01    6.664656781564e-01
 43   6.664656781564e-01    6.777132486752e-01
 44   6.777132486752e-01    6.891506381849e-01
 45   6.891506381849e-01    7.007810501552e-01
 46   7.007810501552e-01    7.126077421188e-01
 47   7.126077421188e-01    7.246340265838e-01
 48   7.246340265838e-01    7.368632719620e-01
 49   7.368632719620e-01    7.492989035117e-01
 50   7.492989035117e-01    7.619444042976e-01
 51   7.619444042976e-01    7.748033161659e-01
 52   7.748033161659e-01    7.878792407369e-01
 53   7.878792407369e-01    8.011758404133e-01
 54   8.011758404133e-01    8.146968394059e-01
 55   8.146968394059e-01    8.284460247773e-01
 56   8.284460247773e-01    8.424272475020e-01
 57   8.424272475020e-01    8.566444235453e-01
 58   8.566444235453e-01    8.711015349602e-01
 59   8.711015349602e-01    8.858026310025e-01
 60   8.858026310025e-01    9.007518292650e-01
 61   9.007518292650e-01    9.159533168309e-01
 62   9.159533168309e-01    9.314113514463e-01
 63   9.314113514463e-01    9.471302627132e-01
 64   9.471302627132e-01    9.631144533017e-01
 65   9.631144533017e-01    9.793684001832e-01
 66   9.793684001832e-01    9.958966558848e-01
 67   9.958966558848e-01    1.012703849764e+00
 68   1.012703849764e+00    1.029794689305e+00
 69   1.029794689305e+00    1.047173961437e+00
 70   1.047173961437e+00    1.064846533878e+00
 71   1.064846533878e+00    1.082817356494e+00
 72   1.082817356494e+00    1.101091462686e+00
 73   1.101091462686e+00    1.119673970803e+00
 74   1.119673970803e+00    1.138570085573e+00
 75   1.138570085573e+00    1.157785099561e+00
 76   1.157785099561e+00    1.177324394651e+00
 77   1.177324394651e+00    1.197193443555e+00
 78   1.197193443555e+00    1.217397811345e+00
 79   1.217397811345e+00    1.237943157012e+00
 80   1.237943157012e+00    1.258835235048e+00
 81   1.258835235048e+00    1.280079897064e+00
 82   1.280079897064e+00    1.301683093423e+00
 83   1.301683093423e+00    1.323650874910e+00
 84   1.323650874910e+00    1.345989394426e+00
 85   1.345989394426e+00    1.368704908709e+00
 86   1.368704908709e+00    1.391803780090e+00
 87   1.391803780090e+00    1.415292478275e+00
 88   1.415292478275e+00    1.439177582154e+00
 89   1.439177582154e+00    1.463465781644e+00
 90   1.463465781644e+00    1.488163879566e+00
 91   1.488163879566e+00    1.513278793548e+00
 92   1.513278793548e+00    1.538817557963e+00
 93   1.538817557963e+00    1.564787325898e+00
 94   1.564787325898e+00    1.591195371161e+00
 95   1.591195371161e+00    1.618049090314e+00
 96   1.618049090314e+00    1.645356004747e+00
 97   1.645356004747e+00    1.673123762785e+00
 98   1.673123762785e+00    1.701360141830e+00
 99   1.701360141830e+00    1.730073050536e+00
 100   1.730073050536e+00    1.759270531031e+00
 101   1.759270531031e+00    1.788960761163e+00
 102   1.788960761163e+00    1.819152056793e+00
 103   1.819152056793e+00    1.849852874125e+00
 104   1.849852874125e+00    1.881071812073e+00
 105   1.881071812073e+00    1.912817614672e+00
 106   1.912817614672e+00    1.945099173521e+00
 107   1.945099173521e+00    1.977925530282e+00
 108   1.977925530282e+00    2.011305879206e+00
 109   2.011305879206e+00    2.045249569710e+00
 110   2.045249569710e+00    2.079766108998e+00
 111   2.079766108998e+00    2.114865164718e+00
 112   2.114865164718e+00    2.150556567678e+00
 113   2.150556567678e+00    2.186850314592e+00
 114   2.186850314592e+00    2.223756570883e+00
 115   2.223756570883e+00    2.261285673532e+00
 116   2.261285673532e+00    2.299448133970e+00
 117   2.299448133970e+00    2.338254641025e+00
 118   2.338254641025e+00    2.377716063912e+00
 119   2.377716063912e+00    2.417843455283e+00
 120   2.417843455283e+00    2.458648054316e+00
 121   2.458648054316e+00    2.500141289869e+00
 122   2.500141289869e+00    2.542334783677e+00
 123   2.542334783677e+00    2.585240353610e+00
 124   2.585240353610e+00    2.628870016979e+00
 125   2.628870016979e+00    2.673235993907e+00
 126   2.673235993907e+00    2.718350710749e+00
 127   2.718350710749e+00    2.764226803571e+00
 128   2.764226803571e+00    2.810877121693e+00
 129   2.810877121693e+00    2.858314731283e+00
 130   2.858314731283e+00    2.906552919023e+00
 131   2.906552919023e+00    2.955605195824e+00
 132   2.955605195824e+00    3.005485300614e+00
 133   3.005485300614e+00    3.056207204186e+00
 134   3.056207204186e+00    3.107785113110e+00
 135   3.107785113110e+00    3.160233473713e+00
 136   3.160233473713e+00    3.213566976121e+00
 137   3.213566976121e+00    3.267800558383e+00
 138   3.267800558383e+00    3.322949410644e+00
 139   3.322949410644e+00    3.379028979407e+00
 140   3.379028979407e+00    3.436054971857e+00
 141   3.436054971857e+00    3.494043360260e+00
 142   3.494043360260e+00    3.553010386438e+00
 143   3.553010386438e+00    3.612972566314e+00
 144   3.612972566314e+00    3.673946694546e+00
 145   3.673946694546e+00    3.735949849222e+00
 146   3.735949849222e+00    3.798999396650e+00
 147   3.798999396650e+00    3.863112996217e+00
 148   3.863112996217e+00    3.928308605340e+00
 149   3.928308605340e+00    3.994604484492e+00
 150   3.994604484492e+00    4.062019202318e+00
 151   4.062019202318e+00    4.130571640837e+00
 152   4.130571640837e+00    4.200281000727e+00
 153   4.200281000727e+00    4.271166806707e+00
 154   4.271166806707e+00    4.343248913004e+00
 155   4.343248913004e+00    4.416547508911e+00
 156   4.416547508911e+00    4.491083124449e+00
 157   4.491083124449e+00    4.566876636108e+00
 158   4.566876636108e+00    4.643949272702e+00
 159   4.643949272702e+00    4.722322621312e+00
 160   4.722322621312e+00    4.802018633329e+00
 161   4.802018633329e+00    4.883059630609e+00
 162   4.883059630609e+00    4.965468311720e+00
 163   4.965468311720e+00    5.049267758301e+00
 164   5.049267758301e+00    5.134481441527e+00
 165   5.134481441527e+00    5.221133228684e+00
 166   5.221133228684e+00    5.309247389851e+00
 167   5.309247389851e+00    5.398848604702e+00
 168   5.398848604702e+00    5.489961969413e+00
 169   5.489961969413e+00    5.582613003697e+00
 170   5.582613003697e+00    5.676827657949e+00
 171   5.676827657949e+00    5.772632320512e+00
 172   5.772632320512e+00    5.870053825072e+00
 173   5.870053825072e+00    5.969119458173e+00
 174   5.969119458173e+00    6.069856966857e+00
 175   6.069856966857e+00    6.172294566438e+00
 176   6.172294566438e+00    6.276460948405e+00
 177   6.276460948405e+00    6.382385288456e+00
 178   6.382385288456e+00    6.490097254672e+00
 179   6.490097254672e+00    6.599627015825e+00
 180   6.599627015825e+00    6.711005249830e+00
 181   6.711005249830e+00    6.824263152335e+00
 182   6.824263152335e+00    6.939432445459e+00
 183   6.939432445459e+00    7.056545386678e+00
 184   7.056545386678e+00    7.175634777860e+00
 185   7.175634777860e+00    7.296733974452e+00
 186   7.296733974452e+00    7.419876894821e+00
 187   7.419876894821e+00    7.545098029758e+00
 188   7.545098029758e+00    7.672432452133e+00
 189   7.672432452133e+00    7.801915826722e+00
 190   7.801915826722e+00    7.933584420198e+00
 191   7.933584420198e+00    8.067475111283e+00
 192   8.067475111283e+00    8.203625401082e+00
 193   8.203625401082e+00    8.342073423587e+00
 194   8.342073423587e+00    8.482857956354e+00
 195   8.482857956354e+00    8.626018431367e+00
 196   8.626018431367e+00    8.771594946082e+00
 197   8.771594946082e+00    8.919628274656e+00
 198   8.919628274656e+00    9.070159879371e+00
 199   9.070159879371e+00    9.223231922243e+00
 200   9.223231922243e+00    9.378887276835e+00
 201   9.378887276835e+00    9.537169540260e+00
 202   9.537169540260e+00    9.698123045398e+00
 203   9.698123045398e+00    9.861792873309e+00
 204   9.861792873309e+00    1.002822486586e+01
 205   1.002822486586e+01    1.019746563857e+01
 206   1.019746563857e+01    1.036956259366e+01
 207   1.036956259366e+01    1.054456393333e+01
 208   1.054456393333e+01    1.072251867326e+01
 209   1.072251867326e+01    1.090347665635e+01
 210   1.090347665635e+01    1.108748856666e+01
 211   1.108748856666e+01    1.127460594362e+01
 212   1.127460594362e+01    1.146488119646e+01
 213   1.146488119646e+01    1.165836761890e+01
 214   1.165836761890e+01    1.185511940406e+01
 215   1.185511940406e+01    1.205519165966e+01
 216   1.205519165966e+01    1.225864042342e+01
 217   1.225864042342e+01    1.246552267879e+01
 218   1.246552267879e+01    1.267589637091e+01
 219   1.267589637091e+01    1.288982042281e+01
 220   1.288982042281e+01    1.310735475193e+01
 221   1.310735475193e+01    1.332856028691e+01
 222   1.332856028691e+01    1.355349898466e+01
 223   1.355349898466e+01    1.378223384769e+01
 224   1.378223384769e+01    1.401482894177e+01
 225   1.401482894177e+01    1.425134941386e+01
 226   1.425134941386e+01    1.449186151039e+01
 227   1.449186151039e+01    1.473643259579e+01
 228   1.473643259579e+01    1.498513117135e+01
 229   1.498513117135e+01    1.523802689442e+01
 230   1.523802689442e+01    1.549519059794e+01
 231   1.549519059794e+01    1.575669431023e+01
 232   1.575669431023e+01    1.602261127521e+01
 233   1.602261127521e+01    1.629301597288e+01
 234   1.629301597288e+01    1.656798414022e+01
 235   1.656798414022e+01    1.684759279237e+01
 236   1.684759279237e+01    1.713192024420e+01
 237   1.713192024420e+01    1.742104613227e+01
 238   1.742104613227e+01    1.771505143713e+01
 239   1.771505143713e+01    1.801401850597e+01
 240   1.801401850597e+01    1.831803107573e+01
 241   1.831803107573e+01    1.862717429652e+01
 242   1.862717429652e+01    1.894153475548e+01
 243   1.894153475548e+01    1.926120050104e+01
 244   1.926120050104e+01    1.958626106756e+01
 245   1.958626106756e+01    1.991680750045e+01
 246   1.991680750045e+01    2.025293238161e+01
 247   2.025293238161e+01    2.059472985542e+01
 248   2.059472985542e+01    2.094229565506e+01
 249   2.094229565506e+01    2.129572712937e+01
 250   2.129572712937e+01    2.165512327007e+01
 251   2.165512327007e+01    2.202058473951e+01
 252   2.202058473951e+01    2.239221389888e+01
 253   2.239221389888e+01    2.277011483685e+01
 254   2.277011483685e+01    2.315439339873e+01
 255   2.315439339873e+01    2.354515721614e+01
 256   2.354515721614e+01    2.394251573714e+01
 257   2.394251573714e+01    2.434658025685e+01
 258   2.434658025685e+01    2.475746394870e+01
 259   2.475746394870e+01    2.517528189605e+01
 260   2.517528189605e+01    2.560015112448e+01
 261   2.560015112448e+01    2.603219063454e+01
 262   2.603219063454e+01    2.647152143509e+01
 263   2.647152143509e+01    2.691826657717e+01
 264   2.691826657717e+01    2.737255118850e+01
 265   2.737255118850e+01    2.783450250852e+01
 266   2.783450250852e+01    2.830424992400e+01
 267   2.830424992400e+01    2.878192500531e+01
 268   2.878192500531e+01    2.926766154325e+01
 269   2.926766154325e+01    2.976159558654e+01
 270   2.976159558654e+01    3.026386547992e+01
 271   3.026386547992e+01    3.077461190290e+01
 272   3.077461190290e+01    3.129397790914e+01
 273   3.129397790914e+01    3.182210896658e+01
 274   3.182210896658e+01    3.235915299808e+01
 275   3.235915299808e+01    3.290526042297e+01
 276   3.290526042297e+01    3.346058419908e+01
 277   3.346058419908e+01    3.402527986566e+01
 278   3.402527986566e+01    3.459950558688e+01
 279   3.459950558688e+01    3.518342219618e+01
 280   3.518342219618e+01    3.577719324128e+01
 281   3.577719324128e+01    3.638098503002e+01
 282   3.638098503002e+01    3.699496667690e+01
 283   3.699496667690e+01    3.761931015051e+01
 284   3.761931015051e+01    3.825419032161e+01
 285   3.825419032161e+01    3.889978501221e+01
 286   3.889978501221e+01    3.955627504527e+01
 287   3.955627504527e+01    4.022384429544e+01
 288   4.022384429544e+01    4.090267974050e+01
 289   4.090267974050e+01    4.159297151376e+01
 290   4.159297151376e+01    4.229491295728e+01
 291   4.229491295728e+01    4.300870067609e+01
 292   4.300870067609e+01    4.373453459317e+01
 293   4.373453459317e+01    4.447261800551e+01
 294   4.447261800551e+01    4.522315764103e+01
 295   4.522315764103e+01    4.598636371648e+01
 296   4.598636371648e+01    4.676244999632e+01
 297   4.676244999632e+01    4.755163385260e+01
 298   4.755163385260e+01    4.835413632582e+01
 299   4.835413632582e+01    4.917018218688e+01
 300   4.917018218688e+01    5.000000000000e+01
400 
 1   1.000000000000e-02    1.390199000000e-02
 2   1.390199000000e-02    1.780398000000e-02
 3   1.780398000000e-02    2.170597000000e-02
 4   2.170597000000e-02    2.560796000000e-02
 5   2.560796000000e-02    2.950995000000e-02
 6   2.950995000000e-02    3.341194000000e-02
 7   3.341194000000e-02    3.731393000000e-02
 8   3.731393000000e-02    4.121592000000e-02
 9   4.121592000000e-02    4.511791000000e-02
 10   4.511791000000e-02    4.901990000000e-02
 11   4.901990000000e-02    5.292189000000e-02
 12   5.292189000000e-02    5.682388000000e-02
 13   5.682388000000e-02    6.072587000000e-02
 14   6.072587000000e-02    6.462786000000e-02
 15   6.462786000000e-02    6.852985000000e-02
 16   6.852985000000e-02    7.243184000000e-02
 17   7.243184000000e-02    7.633383000000e-02
 18   7.633383000000e-02    8.023582000000e-02
 19   8.023582000000e-02    8.413781000000e-02
 20   8.413781000000e-02    8.803980000000e-02
 21   8.803980000000e-02    9.194179000000e-02
 22   9.194179000000e-02    9.584378000000e-02
 23   9.584378000000e-02    9.974577000000e-02
 24   9.974577000000e-02    1.036477600000e-01
 25   1.036477600000e-01    1.075497500000e-01
 26   1.075497500000e-01    1.114517400000e-01
 27   1.114517400000e-01    1.153537300000e-01
 28   1.153537300000e-01    1.192557200000e-01
 29   1.192557200000e-01    1.231577100000e-01
 30   1.231577100000e-01    1.270597000000e-01
 31   1.270597000000e-01    1.309616900000e-01
 32   1.309616900000e-01    1.348636800000e-01
 33   1.348636800000e-01    1.387656700000e-01
 34   1.387656700000e-01    1.426676600000e-01
 35   1.426676600000e-01    1.465696500000e-01
 36   1.465696500000e-01    1.504716400000e-01
 37   1.504716400000e-01    1.543736300000e-01
 38   1.543736300000e-01    1.582756200000e-01
 39   1.582756200000e-01    1.621776100000e-01
 40   1.621776100000e-01    1.660796000000e-01
 41   1.660796000000e-01    1.699815900000e-01
 42   1.699815900000e-01    1.738835800000e-01
 43   1.738835800000e-01    1.777855700000e-01
 44   1.777855700000e-01    1.816875600000e-01
 45   1.816875600000e-01    1.855895500000e-01
 46   1.855895500000e-01    1.894915400000e-01
 47   1.894915400000e-01    1.933935300000e-01
 48   1.933935300000e-01    1.972955200000e-01
 49   1.972955200000e-01    2.011975100000e-01
 50   2.011975100000e-01    2.050995000000e-01
 51   2.050995000000e-01    2.090014900000e-01
 52   2.090014900000e-01    2.129034800000e-01
 53   2.129034800000e-01    2.168054700000e-01
 54   2.168054700000e-01    2.207074600000e-01
 55   2.207074600000e-01    2.246094500000e-01
 56   2.246094500000e-01    2.285114400000e-01
 57   2.285114400000e-01    2.324134300000e-01
 58   2.324134300000e-01    2.363154200000e-01
 59   2.363154200000e-01    2.402174100000e-01
 60   2.402174100000e-01    2.441194000000e-01
 61   2.441194000000e-01    2.480213900000e-01
 62   2.480213900000e-01    2.519233800000e-01
 63   2.519233800000e-01    2.558253700000e-01
 64   2.558253700000e-01    2.597273600000e-01
 65   2.597273600000e-01    2.636293500000e-01
 66   2.636293500000e-01    2.675313400000e-01
 67   2.675313400000e-01    2.714333300000e-01
 68   2.714333300000e-01    2.753353200000e-01
 69   2.753353200000e-01    2.792373100000e-01
 70   2.792373100000e-01    2.831393000000e-01
 71   2.831393000000e-01    2.870412900000e-01
 72   2.870412900000e-01    2.909432800000e-01
 73   2.909432800000e-01    2.948452700000e-01
 74   2.948452700000e-01    2.987472600000e-01
 75   2.987472600000e-01    3.026492500000e-01
 76   3.026492500000e-01    3.065512400000e-01
 77   3.065512400000e-01    3.104532300000e-01
 78   3.104532300000e-01    3.143552200000e-01
 79   3.143552200000e-01    3.182572100000e-01
 80   3.182572100000e-01    3.221592000000e-01
 81   3.221592000000e-01    3.260611900000e-01
 82   3.260611900000e-01    3.299631800000e-01
 83   3.299631800000e-01    3.338651700000e-01
 84   3.338651700000e-01    3.377671600000e-01
 85   3.377671600000e-01    3.416691500000e-01
 86   3.416691500000e-01    3.455711400000e-01
 87   3.455711400000e-01    3.494731300000e-01
 88   3.494731300000e-01    3.533751200000e-01
 89   3.533751200000e-01    3.572771100000e-01
 90   3.572771100000e-01    3.611791000000e-01
 91   3.611791000000e-01    3.650810900000e-01
 92   3.650810900000e-01    3.689830800000e-01
 93   3.689830800000e-01    3.728850700000e-01
 94   3.728850700000e-01    3.767870600000e-01
 95   3.767870600000e-01    3.806890500000e-01
 96   3.806890500000e-01    3.845910400000e-01
 97   3.845910400000e-01    3.884930300000e-01
 98   3.884930300000e-01    3.923950200000e-01
 99   3.923950200000e-01    3.962970100000e-01
 100   3.962970100000e-01    4.001990000000e-01
 101   4.001990000000e-01    4.041009900000e-01
 102   4.041009900000e-01    4.080029800000e-01
 103   4.080029800000e-01    4.119049700000e-01
 104   4.119049700000e-01    4.158069600000e-01
 105   4.158069600000e-01    4.197089500000e-01
 106   4.197089500000e-01    4.236109400000e-01
 107   4.236109400000e-01    4.275129300000e-01
 108   4.275129300000e-01    4.314149200000e-01
 109   4.314149200000e-01    4.353169100000e-01
 110   4.353169100000e-01    4.392189000000e-01
 111   4.392189000000e-01    4.431208900000e-01
 112   4.431208900000e-01    4.470228800000e-01
 113   4.470228800000e-01    4.509248700000e-01
 114   4.509248700000e-01    4.548268600000e-01
 115   4.548268600000e-01    4.587288500000e-01
 116   4.587288500000e-01    4.626308400000e-01
 117   4.626308400000e-01    4.665328300000e-01
 118   4.665328300000e-01    4.704348200000e-01
 119   4.704348200000e-01    4.743368100000e-01
 120   4.743368100000e-01    4.782388000000e-01
 121   4.782388000000e-01    4.821407900000e-01
 122   4.821407900000e-01    4.860427800000e-01
 123   4.860427800000e-01    4.899447700000e-01
 124   4.899447700000e-01    4.938467600000e-01
 125   4.938467600000e-01    4.977487500000e-01
 126   4.977487500000e-01    5.016507400000e-01
 127   5.016507400000e-01    5.055527300000e-01
 128   5.055527300000e-01    5.094547200000e-01
 129   5.094547200000e-01    5.133567100000e-01
 130   5.133567100000e-01    5.172587000000e-01
 131   5.172587000000e-01    5.211606900000e-01
 132   5.211606900000e-01    5.250626800000e-01
 133   5.250626800000e-01    5.289646700000e-01
 134   5.289646700000e-01    5.328666600000e-01
 135   5.328666600000e-01    5.367686500000e-01
 136   5.367686500000e-01    5.406706400000e-01
 137   5.406706400000e-01    5.445726300000e-01
 138   5.445726300000e-01    5.484746200000e-01
 139   5.484746200000e-01    5.523766100000e-01
 140   5.523766100000e-01    5.562786000000e-01
 141   5.562786000000e-01    5.601805900000e-01
 142   5.601805900000e-01    5.640825800000e-01
 143   5.640825800000e-01    5.679845700000e-01
 144   5.679845700000e-01    5.718865600000e-01
 145   5.718865600000e-01    5.757885500000e-01
 146   5.757885500000e-01    5.796905400000e-01
 147   5.796905400000e-01    5.835925300000e-01
 148   5.835925300000e-01    5.874945200000e-01
 149   5.874945200000e-01    5.913965100000e-01
 150   5.913965100000e-01    5.952985000000e-01
 151   5.952985000000e-01    5.992004900000e-01
 152   5.992004900000e-01    6.031024800000e-01
 153   6.031024800000e-01    6.070044700000e-01
 154   6.070044700000e-01    6.109064600000e-01
 155   6.109064600000e-01    6.148084500000e-01
 156   6.148084500000e-01    6.187104400000e-01
 157   6.187104400000e-01    6.226124300000e-01
 158   6.226124300000e-01    6.265144200000e-01
 159   6.265144200000e-01    6.304164100000e-01
 160   6.304164100000e-01    6.343184000000e-01
 161   6.343184000000e-01    6.382203900000e-01
 162   6.382203900000e-01    6.421223800000e-01
 163   6.421223800000e-01    6.460243700000e-01
 164   6.460243700000e-01    6.499263600000e-01
 165   6.499263600000e-01    6.538283500000e-01
 166   6.538283500000e-01    6.577303400000e-01
 167   6.577303400000e-01    6.616323300000e-01
 168   6.616323300000e-01    6.655343200000e-01
 169   6.655343200000e-01    6.694363100000e-01
 170   6.694363100000e-01    6.733383000000e-01
 171   6.733383000000e-01    6.772402900000e-01
 172   6.772402900000e-01    6.811422800000e-01
 173   6.811422800000e-01    6.850442700000e-01
 174   6.850442700000e-01    6.889462600000e-01
 175   6.889462600000e-01    6.928482500000e-01
 176   6.928482500000e-01    6.967502400000e-01
 177   6.967502400000e-01    7.006522300000e-01
 178   7.006522300000e-01    7.045542200000e-01
 179   7.045542200000e-01    7.084562100000e-01
 180   7.084562100000e-01    7.123582000000e-01
 181   7.123582000000e-01    7.162601900000e-01
 182   7.162601900000e-01    7.201621800000e-01
 183   7.201621800000e-01    7.240641700000e-01
 184   7.240641700000e-01    7.279661600000e-01
 185   7.279661600000e-01    7.318681500000e-01
 186   7.318681500000e-01    7.357701400000e-01
 187   7.357701400000e-01    7.396721300000e-01
 188   7.396721300000e-01    7.435741200000e-01
 189   7.435741200000e-01    7.474761100000e-01
 190   7.474761100000e-01    7.513781000000e-01
 191   7.513781000000e-01    7.552800900000e-01
 192   7.552800900000e-01    7.591820800000e-01
 193   7.591820800000e-01    7.630840700000e-01
 194   7.630840700000e-01    7.669860600000e-01
 195   7.669860600000e-01    7.708880500000e-01
 196   7.708880500000e-01    7.747900400000e-01
 197   7.747900400000e-01    7.786920300000e-01
 198   7.786920300000e-01    7.825940200000e-01
 199   7.825940200000e-01    7.864960100000e-01
 200   7.864960100000e-01    7.903980000000e-01
 201   7.903980000000e-01    7.942999900000e-01
 202   7.942999900000e-01    7.982019800000e-01
 203   7.982019800000e-01    8.021039700000e-01
 204   8.021039700000e-01    8.060059600000e-01
 205   8.060059600000e-01    8.099079500000e-01
 206   8.099079500000e-01    8.138099400000e-01
 207   8.138099400000e-01    8.177119300000e-01
 208   8.177119300000e-01    8.216139200000e-01
 209   8.216139200000e-01    8.255159100000e-01
 210   8.255159100000e-01    8.294179000000e-01
 211   8.294179000000e-01    8.333198900000e-01
 212   8.333198900000e-01    8.372218800000e-01
 213   8.372218800000e-01    8.411238700000e-01
 214   8.411238700000e-01    8.450258600000e-01
 215   8.450258600000e-01    8.489278500000e-01
 216   8.489278500000e-01    8.528298400000e-01
 217   8.528298400000e-01    8.567318300000e-01
 218   8.567318300000e-01    8.606338200000e-01
 219   8.606338200000e-01    8.645358100000e-01
 220   8.645358100000e-01    8.684378000000e-01
 221   8.684378000000e-01    8.723397900000e-01
 222   8.723397900000e-01    8.762417800000e-01
 223   8.762417800000e-01    8.801437700000e-01
 224   8.801437700000e-01    8.840457600000e-01
 225   8.840457600000e-01    8.879477500000e-01
 226   8.879477500000e-01    8.918497400000e-01
 227   8.918497400000e-01    8.957517300000e-01
 228   8.957517300000e-01    8.996537200000e-01
 229   8.996537200000e-01    9.035557100000e-01
 230   9.035557100000e-01    9.074577000000e-01
 231   9.074577000000e-01    9.113596900000e-01
 232   9.113596900000e-01    9.152616800000e-01
 233   9.152616800000e-01    9.191636700000e-01
 234   9.191636700000e-01    9.230656600000e-01
 235   9.230656600000e-01    9.269676500000e-01
 236   9.269676500000e-01    9.308696400000e-01
 237   9.308696400000e-01    9.347716300000e-01
 238   9.347716300000e-01    9.386736200000e-01
 239   9.386736200000e-01    9.425756100000e-01
 240   9.425756100000e-01    9.464776000000e-01
 241   9.464776000000e-01    9.503795900000e-01
 242   9.503795900000e-01    9.542815800000e-01
 243   9.542815800000e-01    9.581835700000e-01
 244   9.581835700000e-01    9.620855600000e-01
 245   9.620855600000e-01    9.659875500000e-01
 246   9.659875500000e-01    9.698895400000e-01
 247   9.698895400000e-01    9.737915300000e-01
 248   9.737915300000e-01    9.776935200000e-01
 249   9.776935200000e-01    9.815955100000e-01
 250   9.815955100000e-01    9.854975000000e-01
 251   9.854975000000e-01    9.893994900000e-01
 252   9.893994900000e-01    9.933014800000e-01
 253   9.933014800000e-01    9.972034700000e-01
 254   9.972034700000e-01    1.001105460000e+00
 255   1.001105460000e+00    1.005007450000e+00
 256   1.005007450000e+00    1.008909440000e+00
 257   1.008909440000e+00    1.012811430000e+00
 258   1.012811430000e+00    1.016713420000e+00
 259   1.016713420000e+00    1.020615410000e+00
 260   1.020615410000e+00    1.024517400000e+00
 261   1.024517400000e+00    1.028419390000e+00
 262   1.028419390000e+00    1.032321380000e+00
 263   1.032321380000e+00    1.036223370000e+00
 264   1.036223370000e+00    1.040125360000e+00
 265   1.040125360000e+00    1.044027350000e+00
 266   1.044027350000e+00    1.047929340000e+00
 267   1.047929340000e+00    1.051831330000e+00
 268   1.051831330000e+00    1.055733320000e+00
 269   1.055733320000e+00    1.059635310000e+00
 270   1.059635310000e+00    1.063537300000e+00
 271   1.063537300000e+00    1.067439290000e+00
 272   1.067439290000e+00    1.071341280000e+00
 273   1.071341280000e+00    1.075243270000e+00
 274   1.075243270000e+00    1.079145260000e+00
 275   1.079145260000e+00    1.083047250000e+00
 276   1.083047250000e+00    1.086949240000e+00
 277   1.086949240000e+00    1.090851230000e+00
 278   1.090851230000e+00    1.094753220000e+00
 279   1.094753220000e+00    1.098655210000e+00
 280   1.098655210000e+00    1.102557200000e+00
 281   1.102557200000e+00    1.106459190000e+00
 282   1.106459190000e+00    1.110361180000e+00
 283   1.110361180000e+00    1.114263170000e+00
 284   1.114263170000e+00    1.118165160000e+00
 285   1.118165160000e+00    1.122067150000e+00
 286   1.122067150000e+00    1.125969140000e+00
 287   1.125969140000e+00    1.129871130000e+00
 288   1.129871130000e+00    1.133773120000e+00
 289   1.133773120000e+00    1.137675110000e+00
 290   1.137675110000e+00    1.141577100000e+00
 291   1.141577100000e+00    1.145479090000e+00
 292   1.145479090000e+00    1.149381080000e+00
 293   1.149381080000e+00    1.153283070000e+00
 294   1.153283070000e+00    1.157185060000e+00
 295   1.157185060000e+00    1.161087050000e+00
 296   1.161087050000e+00    1.164989040000e+00
 297   1.164989040000e+00    1.168891030000e+00
 298   1.168891030000e+00    1.172793020000e+00
 299   1.172793020000e+00    1.176695010000e+00
 300   1.176695010000e+00    1.180597000000e+00
 301   1.180597000000e+00    1.184498990000e+00
 302   1.184498990000e+00    1.188400980000e+00
 303   1.188400980000e+00    1.192302970000e+00
 304   1.192302970000e+00    1.196204960000e+00
 305   1.196204960000e+00    1.200106950000e+00
 306   1.200106950000e+00    1.204008940000e+00
 307   1.204008940000e+00    1.207910930000e+00
 308   1.207910930000e+00    1.211812920000e+00
 309   1.211812920000e+00    1.215714910000e+00
 310   1.215714910000e+00    1.219616900000e+00
 311   1.219616900000e+00    1.223518890000e+00
 312   1.223518890000e+00    1.227420880000e+00
 313   1.227420880000e+00    1.231322870000e+00
 314   1.231322870000e+00    1.235224860000e+00
 315   1.235224860000e+00    1.239126850000e+00
 316   1.239126850000e+00    1.243028840000e+00
 317   1.243028840000e+00    1.246930830000e+00
 318   1.246930830000e+00    1.250832820000e+00
 319   1.250832820000e+00    1.254734810000e+00
 320   1.254734810000e+00    1.258636800000e+00
 321   1.258636800000e+00    1.262538790000e+00
 322   1.262538790000e+00    1.266440780000e+00
 323   1.266440780000e+00    1.270342770000e+00
 324   1.270342770000e+00    1.274244760000e+00
 325   1.274244760000e+00    1.278146750000e+00
 326   1.278146750000e+00    1.282048740000e+00
 327   1.282048740000e+00    1.285950730000e+00
 328   1.285950730000e+00    1.289852720000e+00
 329   1.289852720000e+00    1.293754710000e+00
 330   1.293754710000e+00    1.297656700000e+00
 331   1.297656700000e+00    1.301558690000e+00
 332   1.301558690000e+00    1.305460680000e+00
 333   1.305460680000e+00    1.309362670000e+00
 334   1.309362670000e+00    1.313264660000e+00
 335   1.313264660000e+00    1.317166650000e+00
 336   1.317166650000e+00    1.321068640000e+00
 337   1.321068640000e+00    1.324970630000e+00
 338   1.324970630000e+00    1.328872620000e+00
 339   1.328872620000e+00    1.332774610000e+00
 340   1.332774610000e+00    1.336676600000e+00
 341   1.336676600000e+00    1.340578590000e+00
 342   1.340578590000e+00    1.344480580000e+00
 343   1.344480580000e+00    1.348382570000e+00
 344   1.348382570000e+00    1.352284560000e+00
 345   1.352284560000e+00    1.356186550000e+00
 346   1.356186550000e+00    1.360088540000e+00
 347   1.360088540000e+00    1.363990530000e+00
 348   1.363990530000e+00    1.367892520000e+00
 349   1.367892520000e+00    1.371794510000e+00
 350   1.371794510000e+00    1.375696500000e+00
 351   1.375696500000e+00    1.379598490000e+00
 352   1.379598490000e+00    1.383500480000e+00
 353   1.383500480000e+00    1.387402470000e+00
 354   1.387402470000e+00    1.391304460000e+00
 355   1.391304460000e+00    1.395206450000e+00
 356   1.395206450000e+00    1.399108440000e+00
 357   1.399108440000e+00    1.403010430000e+00
 358   1.403010430000e+00    1.406912420000e+00
 359   1.406912420000e+00    1.410814410000e+00
 360   1.410814410000e+00    1.414716400000e+00
 361   1.414716400000e+00    1.418618390000e+00
 362   1.418618390000e+00    1.422520380000e+00
 363   1.422520380000e+00    1.426422370000e+00
 364   1.426422370000e+00    1.430324360000e+00
 365   1.430324360000e+00    1.434226350000e+00
 366   1.434226350000e+00    1.438128340000e+00
 367   1.438128340000e+00    1.442030330000e+00
 368   1.442030330000e+00    1.445932320000e+00
 369   1.445932320000e+00    1.449834310000e+00
 370   1.449834310000e+00    1.453736300000e+00
 371   1.453736300000e+00    1.457638290000e+00
 372   1.457638290000e+00    1.461540280000e+00
 373   1.461540280000e+00    1.465442270000e+00
 374   1.465442270000e+00    1.469344260000e+00
 375   1.469344260000e+00    1.473246250000e+00
 376   1.473246250000e+00    1.477148240000e+00
 377   1.477148240000e+00    1.481050230000e+00
 378   1.481050230000e+00    1.484952220000e+00
 379   1.484952220000e+00    1.488854210000e+00
 380   1.488854210000e+00    1.492756200000e+00
 381   1.492756200000e+00    1.496658190000e+00
 382   1.496658190000e+00    1.500560180000e+00
 383   1.500560180000e+00    1.504462170000e+00
 384   1.504462170000e+00    1.508364160000e+00
 385   1.508364160000e+00    1.512266150000e+00
 386   1.512266150000e+00    1.516168140000e+00
 387   1.516168140000e+00    1.520070130000e+00
 388   1.520070130000e+00    1.523972120000e+00
 389   1.523972120000e+00    1.527874110000e+00
 390   1.527874110000e+00    1.531776100000e+00
 391   1.531776100000e+00    1.535678090000e+00
 392   1.535678090000e+00    1.539580080000e+00
 393   1.539580080000e+00    1.543482070000e+00
 394   1.543482070000e+00    1.547384060000e+00
 395   1.547384060000e+00    1.551286050000e+00
 396   1.551286050000e+00    1.555188040000e+00
 397   1.555188040000e+00    1.559090030000e+00
 398   1.559090030000e+00    1.562992020000e+00
 399   1.562992020000e+00    1.566894010000e+00
 400   1.566894010000e+00    1.570796000000e+00
1 
 1   0.000000000000e+00    1.000000000000e-02
